2022-08-17T06:25:55 Aborted_clients 0
2022-08-17T06:25:55 Aborted_connects 0
2022-08-17T06:25:55 audit_connection_aadauth 0
2022-08-17T06:25:55 audit_connection_call 0
2022-08-17T06:25:55 audit_connection_changeuser 0
2022-08-17T06:25:55 audit_connection_connect 0
2022-08-17T06:25:55 audit_connection_disconnect 0
2022-08-17T06:25:55 audit_connection_preauth 0
2022-08-17T06:25:55 audit_general_call 0
2022-08-17T06:25:55 audit_general_error 0
2022-08-17T06:25:55 audit_general_log 0
2022-08-17T06:25:55 audit_general_result 0
2022-08-17T06:25:55 audit_general_status 0
2022-08-17T06:25:55 audit_login_connection_close 0
2022-08-17T06:25:55 audit_login_failure 0
2022-08-17T06:25:55 audit_login_finish 0
2022-08-17T06:25:55 audit_login_success 0
2022-08-17T06:25:55 audit_pii_login_call 0
2022-08-17T06:25:55 audit_pii_login_log 0
2022-08-17T06:25:55 audit_slow_call 0
2022-08-17T06:25:55 audit_slow_log 0
2022-08-17T06:25:55 audit_table_access_call 0
2022-08-17T06:25:55 audit_table_access_delete 0
2022-08-17T06:25:55 audit_table_access_insert 0
2022-08-17T06:25:55 audit_table_access_read 0
2022-08-17T06:25:55 audit_table_access_update 0
2022-08-17T06:25:55 Binlog_cache_disk_use 0
2022-08-17T06:25:55 Binlog_cache_use 1
2022-08-17T06:25:55 Binlog_io_read 0
2022-08-17T06:25:55 Binlog_io_reads 0
2022-08-17T06:25:55 Binlog_io_writes 1
2022-08-17T06:25:55 Binlog_io_written 7704
2022-08-17T06:25:55 Binlog_stmt_cache_disk_use 0
2022-08-17T06:25:55 Binlog_stmt_cache_use 0
2022-08-17T06:25:55 Bytes_received 340
2022-08-17T06:25:55 Bytes_sent 52
2022-08-17T06:25:55 Com_change_user 0
2022-08-17T06:25:55 Com_stmt_reprepare 0
2022-08-17T06:25:55 Connections 0
2022-08-17T06:25:55 Connection_errors_accept 0
2022-08-17T06:25:55 Connection_errors_internal 0
2022-08-17T06:25:55 Connection_errors_max_connections 0
2022-08-17T06:25:55 Connection_errors_peer_address 0
2022-08-17T06:25:55 Connection_errors_select 0
2022-08-17T06:25:55 Connection_errors_tcpwrap 0
2022-08-17T06:25:55 Created_tmp_disk_tables 0
2022-08-17T06:25:55 Created_tmp_files 0
2022-08-17T06:25:55 Created_tmp_tables 0
2022-08-17T06:25:55 Delayed_errors 0
2022-08-17T06:25:55 Delayed_insert_threads 0
2022-08-17T06:25:55 Delayed_writes 0
2022-08-17T06:25:55 Flush_commands 0
2022-08-17T06:25:55 Handler_commit 2
2022-08-17T06:25:55 Handler_delete 0
2022-08-17T06:25:55 Handler_discover 0
2022-08-17T06:25:55 Handler_external_lock 4
2022-08-17T06:25:55 Handler_mrr_init 0
2022-08-17T06:25:55 Handler_prepare 2
2022-08-17T06:25:55 Handler_read_first 0
2022-08-17T06:25:55 Handler_read_key 0
2022-08-17T06:25:55 Handler_read_last 0
2022-08-17T06:25:55 Handler_read_next 0
2022-08-17T06:25:55 Handler_read_prev 0
2022-08-17T06:25:55 Handler_read_rnd 0
2022-08-17T06:25:55 Handler_read_rnd_next 245
2022-08-17T06:25:55 Handler_rollback 0
2022-08-17T06:25:55 Handler_savepoint 0
2022-08-17T06:25:55 Handler_savepoint_rollback 0
2022-08-17T06:25:55 Handler_update 0
2022-08-17T06:25:55 Handler_write 244
2022-08-17T06:25:55 Innodb_available_undo_logs 0
2022-08-17T06:25:55 Innodb_buffer_disk_reads 0
2022-08-17T06:25:55 Innodb_buffer_disk_read_conflicts 0
2022-08-17T06:25:55 Innodb_buffer_disk_removes 0
2022-08-17T06:25:55 Innodb_buffer_disk_writes 0
2022-08-17T06:25:55 Innodb_buffer_disk_writes_conflicts 0
2022-08-17T06:25:55 Innodb_buffer_pool_bytes_data 0
2022-08-17T06:25:55 Innodb_buffer_pool_bytes_dirty 98304
2022-08-17T06:25:55 Innodb_buffer_pool_dump_status 0
2022-08-17T06:25:55 Innodb_buffer_pool_load_status 0
2022-08-17T06:25:55 Innodb_buffer_pool_pages_data 0
2022-08-17T06:25:55 Innodb_buffer_pool_pages_dirty 6
2022-08-17T06:25:55 Innodb_buffer_pool_pages_flushed 0
2022-08-17T06:25:55 Innodb_buffer_pool_pages_free 0
2022-08-17T06:25:55 Innodb_buffer_pool_pages_misc 0
2022-08-17T06:25:55 Innodb_buffer_pool_pages_total 0
2022-08-17T06:25:55 Innodb_buffer_pool_reads 0
2022-08-17T06:25:55 Innodb_buffer_pool_read_ahead 0
2022-08-17T06:25:55 Innodb_buffer_pool_read_ahead_evicted 0
2022-08-17T06:25:55 Innodb_buffer_pool_read_ahead_rnd 0
2022-08-17T06:25:55 Innodb_buffer_pool_read_requests 851
2022-08-17T06:25:55 Innodb_buffer_pool_resize_status 0
2022-08-17T06:25:55 Innodb_buffer_pool_wait_free 0
2022-08-17T06:25:55 Innodb_buffer_pool_write_requests 520
2022-08-17T06:25:55 Innodb_data_fsyncs 3
2022-08-17T06:25:55 Innodb_data_pending_fsyncs 0
2022-08-17T06:25:55 Innodb_data_pending_reads 0
2022-08-17T06:25:55 Innodb_data_pending_writes 0
2022-08-17T06:25:55 Innodb_data_read 0
2022-08-17T06:25:55 Innodb_data_reads 0
2022-08-17T06:25:55 Innodb_data_writes 3
2022-08-17T06:25:55 Innodb_data_written 31232
2022-08-17T06:25:55 Innodb_dblwr_pages_written 0
2022-08-17T06:25:55 Innodb_dblwr_writes 0
2022-08-17T06:25:55 Innodb_hash_search 0
2022-08-17T06:25:55 Innodb_log_waits 0
2022-08-17T06:25:55 Innodb_log_writes 3
2022-08-17T06:25:55 Innodb_log_write_requests 52
2022-08-17T06:25:55 Innodb_nonhash_search 268
2022-08-17T06:25:55 Innodb_num_open_files 0
2022-08-17T06:25:55 Innodb_os_log_fsyncs 3
2022-08-17T06:25:55 Innodb_os_log_pending_fsyncs 0
2022-08-17T06:25:55 Innodb_os_log_pending_writes 0
2022-08-17T06:25:55 Innodb_os_log_written 31232
2022-08-17T06:25:55 Innodb_pages_created 0
2022-08-17T06:25:55 Innodb_pages_read 0
2022-08-17T06:25:55 Innodb_pages_written 0
2022-08-17T06:25:55 Innodb_page_size 0
2022-08-17T06:25:55 Innodb_rows_deleted 0
2022-08-17T06:25:55 Innodb_rows_inserted 244
2022-08-17T06:25:55 Innodb_rows_read 0
2022-08-17T06:25:55 Innodb_rows_updated 0
2022-08-17T06:25:55 Innodb_row_lock_current_waits 0
2022-08-17T06:25:55 Innodb_row_lock_time 0
2022-08-17T06:25:55 Innodb_row_lock_time_avg 0
2022-08-17T06:25:55 Innodb_row_lock_time_max 0
2022-08-17T06:25:55 Innodb_row_lock_waits 0
2022-08-17T06:25:55 Innodb_truncated_status_writes 0
2022-08-17T06:25:55 Key_blocks_not_flushed 0
2022-08-17T06:25:55 Key_blocks_unused 0
2022-08-17T06:25:55 Key_blocks_used 0
2022-08-17T06:25:55 Key_reads 0
2022-08-17T06:25:55 Key_read_requests 0
2022-08-17T06:25:55 Key_writes 0
2022-08-17T06:25:55 Key_write_requests 0
2022-08-17T06:25:55 Locked_connects 0
2022-08-17T06:25:55 Max_execution_time_exceeded 0
2022-08-17T06:25:55 Max_execution_time_set 0
2022-08-17T06:25:55 Max_execution_time_set_failed 0
2022-08-17T06:25:55 Max_used_connections 0
2022-08-17T06:25:55 Max_used_connections_time 0
2022-08-17T06:25:55 Not_flushed_delayed_rows 0
2022-08-17T06:25:55 Ongoing_anonymous_transaction_count 0
2022-08-17T06:25:55 Opened_files 0
2022-08-17T06:25:55 Opened_tables 0
2022-08-17T06:25:55 Opened_table_definitions 0
2022-08-17T06:25:55 Open_files 0
2022-08-17T06:25:55 Open_streams 0
2022-08-17T06:25:55 Open_tables 0
2022-08-17T06:25:55 Open_table_definitions 0
2022-08-17T06:25:55 Performance_schema_accounts_lost 0
2022-08-17T06:25:55 Performance_schema_az_digest_lost 0
2022-08-17T06:25:55 Performance_schema_cond_classes_lost 0
2022-08-17T06:25:55 Performance_schema_cond_instances_lost 0
2022-08-17T06:25:55 Performance_schema_digest_lost 0
2022-08-17T06:25:55 Performance_schema_file_classes_lost 0
2022-08-17T06:25:55 Performance_schema_file_handles_lost 0
2022-08-17T06:25:55 Performance_schema_file_instances_lost 0
2022-08-17T06:25:55 Performance_schema_hosts_lost 0
2022-08-17T06:25:55 Performance_schema_index_stat_lost 0
2022-08-17T06:25:55 Performance_schema_locker_lost 0
2022-08-17T06:25:55 Performance_schema_memory_classes_lost 0
2022-08-17T06:25:55 Performance_schema_metadata_lock_lost 0
2022-08-17T06:25:55 Performance_schema_mutex_classes_lost 0
2022-08-17T06:25:55 Performance_schema_mutex_instances_lost 0
2022-08-17T06:25:55 Performance_schema_nested_statement_lost 0
2022-08-17T06:25:55 Performance_schema_prepared_statements_lost 0
2022-08-17T06:25:55 Performance_schema_program_lost 0
2022-08-17T06:25:55 Performance_schema_rwlock_classes_lost 0
2022-08-17T06:25:55 Performance_schema_rwlock_instances_lost 0
2022-08-17T06:25:55 Performance_schema_session_connect_attrs_lost 0
2022-08-17T06:25:55 Performance_schema_socket_classes_lost 0
2022-08-17T06:25:55 Performance_schema_socket_instances_lost 0
2022-08-17T06:25:55 Performance_schema_stage_classes_lost 0
2022-08-17T06:25:55 Performance_schema_statement_classes_lost 0
2022-08-17T06:25:55 Performance_schema_table_handles_lost 0
2022-08-17T06:25:55 Performance_schema_table_instances_lost 0
2022-08-17T06:25:55 Performance_schema_table_lock_stat_lost 0
2022-08-17T06:25:55 Performance_schema_thread_classes_lost 0
2022-08-17T06:25:55 Performance_schema_thread_instances_lost 0
2022-08-17T06:25:55 Performance_schema_users_lost 0
2022-08-17T06:25:55 Prepared_stmt_count 0
2022-08-17T06:25:55 Qcache_free_blocks 0
2022-08-17T06:25:55 Qcache_free_memory 0
2022-08-17T06:25:55 Qcache_hits 0
2022-08-17T06:25:55 Qcache_inserts 0
2022-08-17T06:25:55 Qcache_lowmem_prunes 0
2022-08-17T06:25:55 Qcache_not_cached 0
2022-08-17T06:25:55 Qcache_queries_in_cache 0
2022-08-17T06:25:55 Qcache_total_blocks 0
2022-08-17T06:25:55 Queries 1
2022-08-17T06:25:55 Questions 1
2022-08-17T06:25:55 Rsa_public_key 0
2022-08-17T06:25:55 Select_full_join 1
2022-08-17T06:25:55 Select_full_range_join 0
2022-08-17T06:25:55 Select_range 0
2022-08-17T06:25:55 Select_range_check 0
2022-08-17T06:25:55 Select_scan 1
2022-08-17T06:25:55 Slave_open_temp_tables 0
2022-08-17T06:25:55 Slow_launch_threads 0
2022-08-17T06:25:55 Slow_queries 0
2022-08-17T06:25:55 Sort_merge_passes 0
2022-08-17T06:25:55 Sort_range 0
2022-08-17T06:25:55 Sort_rows 0
2022-08-17T06:25:55 Sort_scan 0
2022-08-17T06:25:55 Ssl_accepts 0
2022-08-17T06:25:55 Ssl_accept_renegotiates 0
2022-08-17T06:25:55 Ssl_callback_cache_hits 0
2022-08-17T06:25:55 Ssl_cipher 0
2022-08-17T06:25:55 Ssl_cipher_list 0
2022-08-17T06:25:55 Ssl_client_connects 0
2022-08-17T06:25:55 Ssl_connect_renegotiates 0
2022-08-17T06:25:55 Ssl_ctx_verify_depth 0
2022-08-17T06:25:55 Ssl_ctx_verify_mode 0
2022-08-17T06:25:55 Ssl_default_timeout 0
2022-08-17T06:25:55 Ssl_finished_accepts 0
2022-08-17T06:25:55 Ssl_finished_connects 0
2022-08-17T06:25:55 Ssl_server_not_after 0
2022-08-17T06:25:55 Ssl_server_not_before 0
2022-08-17T06:25:55 Ssl_sessions_reused 0
2022-08-17T06:25:55 Ssl_session_cache_hits 0
2022-08-17T06:25:55 Ssl_session_cache_misses 0
2022-08-17T06:25:55 Ssl_session_cache_mode 0
2022-08-17T06:25:55 Ssl_session_cache_overflows 0
2022-08-17T06:25:55 Ssl_session_cache_size 0
2022-08-17T06:25:55 Ssl_session_cache_timeouts 0
2022-08-17T06:25:55 Ssl_used_session_cache_entries 0
2022-08-17T06:25:55 Ssl_verify_depth 0
2022-08-17T06:25:55 Ssl_verify_mode 0
2022-08-17T06:25:55 Ssl_version 0
2022-08-17T06:25:55 Table_locks_immediate 1
2022-08-17T06:25:55 Table_locks_waited 0
2022-08-17T06:25:55 Table_open_cache_hits 2
2022-08-17T06:25:55 Table_open_cache_misses 0
2022-08-17T06:25:55 Table_open_cache_overflows 0
2022-08-17T06:25:55 Tc_log_max_pages_used 0
2022-08-17T06:25:55 Tc_log_page_size 0
2022-08-17T06:25:55 Tc_log_page_waits 0
2022-08-17T06:25:55 Threads_cached 0
2022-08-17T06:25:55 Threads_connected 0
2022-08-17T06:25:55 Threads_created 0
2022-08-17T06:25:55 Threads_running 0
2022-08-17T06:25:55 Uptime 0
2022-08-17T06:25:55 Uptime_since_flush_status 0
2022-08-17T06:26:55 Aborted_clients 0
2022-08-17T06:26:55 Aborted_connects 0
2022-08-17T06:26:55 audit_connection_aadauth 0
2022-08-17T06:26:55 audit_connection_call 0
2022-08-17T06:26:55 audit_connection_changeuser 0
2022-08-17T06:26:55 audit_connection_connect 0
2022-08-17T06:26:55 audit_connection_disconnect 0
2022-08-17T06:26:55 audit_connection_preauth 0
2022-08-17T06:26:55 audit_general_call 0
2022-08-17T06:26:55 audit_general_error 0
2022-08-17T06:26:55 audit_general_log 0
2022-08-17T06:26:55 audit_general_result 0
2022-08-17T06:26:55 audit_general_status 0
2022-08-17T06:26:55 audit_login_connection_close 0
2022-08-17T06:26:55 audit_login_failure 0
2022-08-17T06:26:55 audit_login_finish 1
2022-08-17T06:26:55 audit_login_success 1
2022-08-17T06:26:55 audit_pii_login_call 1
2022-08-17T06:26:55 audit_pii_login_log 0
2022-08-17T06:26:55 audit_slow_call 0
2022-08-17T06:26:55 audit_slow_log 0
2022-08-17T06:26:55 audit_table_access_call 0
2022-08-17T06:26:55 audit_table_access_delete 0
2022-08-17T06:26:55 audit_table_access_insert 0
2022-08-17T06:26:55 audit_table_access_read 0
2022-08-17T06:26:55 audit_table_access_update 0
2022-08-17T06:26:55 Binlog_cache_disk_use 0
2022-08-17T06:26:55 Binlog_cache_use 1
2022-08-17T06:26:55 Binlog_io_read 0
2022-08-17T06:26:55 Binlog_io_reads 0
2022-08-17T06:26:55 Binlog_io_writes 1
2022-08-17T06:26:55 Binlog_io_written 1246
2022-08-17T06:26:55 Binlog_stmt_cache_disk_use 0
2022-08-17T06:26:55 Binlog_stmt_cache_use 0
2022-08-17T06:26:55 Bytes_received 1495
2022-08-17T06:26:55 Bytes_sent 42239
2022-08-17T06:26:55 Com_change_user 0
2022-08-17T06:26:55 Com_stmt_reprepare 0
2022-08-17T06:26:55 Connections 1
2022-08-17T06:26:55 Connection_errors_accept 0
2022-08-17T06:26:55 Connection_errors_internal 0
2022-08-17T06:26:55 Connection_errors_max_connections 0
2022-08-17T06:26:55 Connection_errors_peer_address 0
2022-08-17T06:26:55 Connection_errors_select 0
2022-08-17T06:26:55 Connection_errors_tcpwrap 0
2022-08-17T06:26:55 Created_tmp_disk_tables 2
2022-08-17T06:26:55 Created_tmp_files 0
2022-08-17T06:26:55 Created_tmp_tables 16
2022-08-17T06:26:55 Delayed_errors 0
2022-08-17T06:26:55 Delayed_insert_threads 0
2022-08-17T06:26:55 Delayed_writes 0
2022-08-17T06:26:55 Flush_commands 0
2022-08-17T06:26:55 Handler_commit 2
2022-08-17T06:26:55 Handler_delete 0
2022-08-17T06:26:55 Handler_discover 0
2022-08-17T06:26:55 Handler_external_lock 32
2022-08-17T06:26:55 Handler_mrr_init 0
2022-08-17T06:26:55 Handler_prepare 2
2022-08-17T06:26:55 Handler_read_first 246
2022-08-17T06:26:55 Handler_read_key 490
2022-08-17T06:26:55 Handler_read_last 0
2022-08-17T06:26:55 Handler_read_next 0
2022-08-17T06:26:55 Handler_read_prev 0
2022-08-17T06:26:55 Handler_read_rnd 244
2022-08-17T06:26:55 Handler_read_rnd_next 75456
2022-08-17T06:26:55 Handler_rollback 0
2022-08-17T06:26:55 Handler_savepoint 0
2022-08-17T06:26:55 Handler_savepoint_rollback 0
2022-08-17T06:26:55 Handler_update 244
2022-08-17T06:26:55 Handler_write 7812
2022-08-17T06:26:55 Innodb_available_undo_logs 0
2022-08-17T06:26:55 Innodb_buffer_disk_reads 0
2022-08-17T06:26:55 Innodb_buffer_disk_read_conflicts 0
2022-08-17T06:26:55 Innodb_buffer_disk_removes 0
2022-08-17T06:26:55 Innodb_buffer_disk_writes 0
2022-08-17T06:26:55 Innodb_buffer_disk_writes_conflicts 0
2022-08-17T06:26:55 Innodb_buffer_pool_bytes_data 0
2022-08-17T06:26:55 Innodb_buffer_pool_bytes_dirty -491520
2022-08-17T06:26:55 Innodb_buffer_pool_dump_status 0
2022-08-17T06:26:55 Innodb_buffer_pool_load_status 0
2022-08-17T06:26:55 Innodb_buffer_pool_pages_data 0
2022-08-17T06:26:55 Innodb_buffer_pool_pages_dirty -30
2022-08-17T06:26:55 Innodb_buffer_pool_pages_flushed 44
2022-08-17T06:26:55 Innodb_buffer_pool_pages_free 0
2022-08-17T06:26:55 Innodb_buffer_pool_pages_misc 0
2022-08-17T06:26:55 Innodb_buffer_pool_pages_total 0
2022-08-17T06:26:55 Innodb_buffer_pool_reads 0
2022-08-17T06:26:55 Innodb_buffer_pool_read_ahead 0
2022-08-17T06:26:55 Innodb_buffer_pool_read_ahead_evicted 0
2022-08-17T06:26:55 Innodb_buffer_pool_read_ahead_rnd 0
2022-08-17T06:26:55 Innodb_buffer_pool_read_requests 60623
2022-08-17T06:26:55 Innodb_buffer_pool_resize_status 0
2022-08-17T06:26:55 Innodb_buffer_pool_wait_free 0
2022-08-17T06:26:55 Innodb_buffer_pool_write_requests 555
2022-08-17T06:26:55 Innodb_data_fsyncs 21
2022-08-17T06:26:55 Innodb_data_pending_fsyncs 0
2022-08-17T06:26:55 Innodb_data_pending_reads 0
2022-08-17T06:26:55 Innodb_data_pending_writes 0
2022-08-17T06:26:55 Innodb_data_read 0
2022-08-17T06:26:55 Innodb_data_reads 0
2022-08-17T06:26:55 Innodb_data_writes 56
2022-08-17T06:26:55 Innodb_data_written 756736
2022-08-17T06:26:55 Innodb_dblwr_pages_written 0
2022-08-17T06:26:55 Innodb_dblwr_writes 0
2022-08-17T06:26:55 Innodb_hash_search 0
2022-08-17T06:26:55 Innodb_log_waits 0
2022-08-17T06:26:55 Innodb_log_writes 8
2022-08-17T06:26:55 Innodb_log_write_requests 46
2022-08-17T06:26:55 Innodb_nonhash_search 256
2022-08-17T06:26:55 Innodb_num_open_files 0
2022-08-17T06:26:55 Innodb_os_log_fsyncs 12
2022-08-17T06:26:55 Innodb_os_log_pending_fsyncs 0
2022-08-17T06:26:55 Innodb_os_log_pending_writes 0
2022-08-17T06:26:55 Innodb_os_log_written 33792
2022-08-17T06:26:55 Innodb_pages_created 0
2022-08-17T06:26:55 Innodb_pages_read 0
2022-08-17T06:26:55 Innodb_pages_written 44
2022-08-17T06:26:55 Innodb_page_size 0
2022-08-17T06:26:55 Innodb_rows_deleted 0
2022-08-17T06:26:55 Innodb_rows_inserted 20
2022-08-17T06:26:55 Innodb_rows_read 59800
2022-08-17T06:26:55 Innodb_rows_updated 244
2022-08-17T06:26:55 Innodb_row_lock_current_waits 0
2022-08-17T06:26:55 Innodb_row_lock_time 0
2022-08-17T06:26:55 Innodb_row_lock_time_avg 0
2022-08-17T06:26:55 Innodb_row_lock_time_max 0
2022-08-17T06:26:55 Innodb_row_lock_waits 0
2022-08-17T06:26:55 Innodb_truncated_status_writes 0
2022-08-17T06:26:55 Key_blocks_not_flushed 0
2022-08-17T06:26:55 Key_blocks_unused 0
2022-08-17T06:26:55 Key_blocks_used 0
2022-08-17T06:26:55 Key_reads 0
2022-08-17T06:26:55 Key_read_requests 0
2022-08-17T06:26:55 Key_writes 0
2022-08-17T06:26:55 Key_write_requests 0
2022-08-17T06:26:55 Locked_connects 0
2022-08-17T06:26:55 Max_execution_time_exceeded 0
2022-08-17T06:26:55 Max_execution_time_set 0
2022-08-17T06:26:55 Max_execution_time_set_failed 0
2022-08-17T06:26:55 Max_used_connections 0
2022-08-17T06:26:55 Max_used_connections_time 0
2022-08-17T06:26:55 Not_flushed_delayed_rows 0
2022-08-17T06:26:55 Ongoing_anonymous_transaction_count 0
2022-08-17T06:26:55 Opened_files 0
2022-08-17T06:26:55 Opened_tables 0
2022-08-17T06:26:55 Opened_table_definitions 0
2022-08-17T06:26:55 Open_files 0
2022-08-17T06:26:55 Open_streams 0
2022-08-17T06:26:55 Open_tables 0
2022-08-17T06:26:55 Open_table_definitions 0
2022-08-17T06:26:55 Performance_schema_accounts_lost 0
2022-08-17T06:26:55 Performance_schema_az_digest_lost 0
2022-08-17T06:26:55 Performance_schema_cond_classes_lost 0
2022-08-17T06:26:55 Performance_schema_cond_instances_lost 0
2022-08-17T06:26:55 Performance_schema_digest_lost 0
2022-08-17T06:26:55 Performance_schema_file_classes_lost 0
2022-08-17T06:26:55 Performance_schema_file_handles_lost 0
2022-08-17T06:26:55 Performance_schema_file_instances_lost 0
2022-08-17T06:26:55 Performance_schema_hosts_lost 0
2022-08-17T06:26:55 Performance_schema_index_stat_lost 0
2022-08-17T06:26:55 Performance_schema_locker_lost 0
2022-08-17T06:26:55 Performance_schema_memory_classes_lost 0
2022-08-17T06:26:55 Performance_schema_metadata_lock_lost 0
2022-08-17T06:26:55 Performance_schema_mutex_classes_lost 0
2022-08-17T06:26:55 Performance_schema_mutex_instances_lost 0
2022-08-17T06:26:55 Performance_schema_nested_statement_lost 0
2022-08-17T06:26:55 Performance_schema_prepared_statements_lost 0
2022-08-17T06:26:55 Performance_schema_program_lost 0
2022-08-17T06:26:55 Performance_schema_rwlock_classes_lost 0
2022-08-17T06:26:55 Performance_schema_rwlock_instances_lost 0
2022-08-17T06:26:55 Performance_schema_session_connect_attrs_lost 0
2022-08-17T06:26:55 Performance_schema_socket_classes_lost 0
2022-08-17T06:26:55 Performance_schema_socket_instances_lost 0
2022-08-17T06:26:55 Performance_schema_stage_classes_lost 0
2022-08-17T06:26:55 Performance_schema_statement_classes_lost 0
2022-08-17T06:26:55 Performance_schema_table_handles_lost 0
2022-08-17T06:26:55 Performance_schema_table_instances_lost 0
2022-08-17T06:26:55 Performance_schema_table_lock_stat_lost 0
2022-08-17T06:26:55 Performance_schema_thread_classes_lost 0
2022-08-17T06:26:55 Performance_schema_thread_instances_lost 0
2022-08-17T06:26:55 Performance_schema_users_lost 0
2022-08-17T06:26:55 Prepared_stmt_count 0
2022-08-17T06:26:55 Qcache_free_blocks 0
2022-08-17T06:26:55 Qcache_free_memory 0
2022-08-17T06:26:55 Qcache_hits 0
2022-08-17T06:26:55 Qcache_inserts 0
2022-08-17T06:26:55 Qcache_lowmem_prunes 0
2022-08-17T06:26:55 Qcache_not_cached 0
2022-08-17T06:26:55 Qcache_queries_in_cache 0
2022-08-17T06:26:55 Qcache_total_blocks 0
2022-08-17T06:26:55 Queries 37
2022-08-17T06:26:55 Questions 37
2022-08-17T06:26:55 Rsa_public_key 0
2022-08-17T06:26:55 Select_full_join 1
2022-08-17T06:26:55 Select_full_range_join 0
2022-08-17T06:26:55 Select_range 0
2022-08-17T06:26:55 Select_range_check 0
2022-08-17T06:26:55 Select_scan 31
2022-08-17T06:26:55 Slave_open_temp_tables 0
2022-08-17T06:26:55 Slow_launch_threads 0
2022-08-17T06:26:55 Slow_queries 0
2022-08-17T06:26:55 Sort_merge_passes 0
2022-08-17T06:26:55 Sort_range 0
2022-08-17T06:26:55 Sort_rows 0
2022-08-17T06:26:55 Sort_scan 0
2022-08-17T06:26:55 Ssl_accepts 1
2022-08-17T06:26:55 Ssl_accept_renegotiates 0
2022-08-17T06:26:55 Ssl_callback_cache_hits 0
2022-08-17T06:26:55 Ssl_cipher 0
2022-08-17T06:26:55 Ssl_cipher_list 0
2022-08-17T06:26:55 Ssl_client_connects 0
2022-08-17T06:26:55 Ssl_connect_renegotiates 0
2022-08-17T06:26:55 Ssl_ctx_verify_depth 0
2022-08-17T06:26:55 Ssl_ctx_verify_mode 0
2022-08-17T06:26:55 Ssl_default_timeout 0
2022-08-17T06:26:55 Ssl_finished_accepts 1
2022-08-17T06:26:55 Ssl_finished_connects 0
2022-08-17T06:26:55 Ssl_server_not_after 0
2022-08-17T06:26:55 Ssl_server_not_before 0
2022-08-17T06:26:55 Ssl_sessions_reused 0
2022-08-17T06:26:55 Ssl_session_cache_hits 0
2022-08-17T06:26:55 Ssl_session_cache_misses 0
2022-08-17T06:26:55 Ssl_session_cache_mode 0
2022-08-17T06:26:55 Ssl_session_cache_overflows 0
2022-08-17T06:26:55 Ssl_session_cache_size 0
2022-08-17T06:26:55 Ssl_session_cache_timeouts 0
2022-08-17T06:26:55 Ssl_used_session_cache_entries 0
2022-08-17T06:26:55 Ssl_verify_depth 0
2022-08-17T06:26:55 Ssl_verify_mode 0
2022-08-17T06:26:55 Ssl_version 0
2022-08-17T06:26:55 Table_locks_immediate 15
2022-08-17T06:26:55 Table_locks_waited 0
2022-08-17T06:26:55 Table_open_cache_hits 16
2022-08-17T06:26:55 Table_open_cache_misses 0
2022-08-17T06:26:55 Table_open_cache_overflows 0
2022-08-17T06:26:55 Tc_log_max_pages_used 0
2022-08-17T06:26:55 Tc_log_page_size 0
2022-08-17T06:26:55 Tc_log_page_waits 0
2022-08-17T06:26:55 Threads_cached -1
2022-08-17T06:26:55 Threads_connected 1
2022-08-17T06:26:55 Threads_created 0
2022-08-17T06:26:55 Threads_running 0
2022-08-17T06:26:55 Uptime 60
2022-08-17T06:26:55 Uptime_since_flush_status 60
2022-08-17T06:27:55 Aborted_clients 0
2022-08-17T06:27:55 Aborted_connects 0
2022-08-17T06:27:55 audit_connection_aadauth 0
2022-08-17T06:27:55 audit_connection_call 0
2022-08-17T06:27:55 audit_connection_changeuser 0
2022-08-17T06:27:55 audit_connection_connect 0
2022-08-17T06:27:55 audit_connection_disconnect 0
2022-08-17T06:27:55 audit_connection_preauth 0
2022-08-17T06:27:55 audit_general_call 0
2022-08-17T06:27:55 audit_general_error 0
2022-08-17T06:27:55 audit_general_log 0
2022-08-17T06:27:55 audit_general_result 0
2022-08-17T06:27:55 audit_general_status 0
2022-08-17T06:27:55 audit_login_connection_close 0
2022-08-17T06:27:55 audit_login_failure 0
2022-08-17T06:27:55 audit_login_finish 0
2022-08-17T06:27:55 audit_login_success 0
2022-08-17T06:27:55 audit_pii_login_call 0
2022-08-17T06:27:55 audit_pii_login_log 0
2022-08-17T06:27:55 audit_slow_call 0
2022-08-17T06:27:55 audit_slow_log 0
2022-08-17T06:27:55 audit_table_access_call 0
2022-08-17T06:27:55 audit_table_access_delete 0
2022-08-17T06:27:55 audit_table_access_insert 0
2022-08-17T06:27:55 audit_table_access_read 0
2022-08-17T06:27:55 audit_table_access_update 0
2022-08-17T06:27:55 Binlog_cache_disk_use 0
2022-08-17T06:27:55 Binlog_cache_use 1
2022-08-17T06:27:55 Binlog_io_read 0
2022-08-17T06:27:55 Binlog_io_reads 0
2022-08-17T06:27:55 Binlog_io_writes 1
2022-08-17T06:27:55 Binlog_io_written 1661
2022-08-17T06:27:55 Binlog_stmt_cache_disk_use 0
2022-08-17T06:27:55 Binlog_stmt_cache_use 0
2022-08-17T06:27:55 Bytes_received 1334
2022-08-17T06:27:55 Bytes_sent 58706
2022-08-17T06:27:55 Com_change_user 0
2022-08-17T06:27:55 Com_stmt_reprepare 0
2022-08-17T06:27:55 Connections 0
2022-08-17T06:27:55 Connection_errors_accept 0
2022-08-17T06:27:55 Connection_errors_internal 0
2022-08-17T06:27:55 Connection_errors_max_connections 0
2022-08-17T06:27:55 Connection_errors_peer_address 0
2022-08-17T06:27:55 Connection_errors_select 0
2022-08-17T06:27:55 Connection_errors_tcpwrap 0
2022-08-17T06:27:55 Created_tmp_disk_tables 2
2022-08-17T06:27:55 Created_tmp_files 0
2022-08-17T06:27:55 Created_tmp_tables 17
2022-08-17T06:27:55 Delayed_errors 0
2022-08-17T06:27:55 Delayed_insert_threads 0
2022-08-17T06:27:55 Delayed_writes 0
2022-08-17T06:27:55 Flush_commands 0
2022-08-17T06:27:55 Handler_commit 4
2022-08-17T06:27:55 Handler_delete 0
2022-08-17T06:27:55 Handler_discover 0
2022-08-17T06:27:55 Handler_external_lock 34
2022-08-17T06:27:55 Handler_mrr_init 0
2022-08-17T06:27:55 Handler_prepare 2
2022-08-17T06:27:55 Handler_read_first 248
2022-08-17T06:27:55 Handler_read_key 492
2022-08-17T06:27:55 Handler_read_last 0
2022-08-17T06:27:55 Handler_read_next 0
2022-08-17T06:27:55 Handler_read_prev 0
2022-08-17T06:27:55 Handler_read_rnd 244
2022-08-17T06:27:55 Handler_read_rnd_next 74874
2022-08-17T06:27:55 Handler_rollback 0
2022-08-17T06:27:55 Handler_savepoint 0
2022-08-17T06:27:55 Handler_savepoint_rollback 0
2022-08-17T06:27:55 Handler_update 244
2022-08-17T06:27:55 Handler_write 7279
2022-08-17T06:27:55 Innodb_available_undo_logs 0
2022-08-17T06:27:55 Innodb_buffer_disk_reads 0
2022-08-17T06:27:55 Innodb_buffer_disk_read_conflicts 0
2022-08-17T06:27:55 Innodb_buffer_disk_removes 0
2022-08-17T06:27:55 Innodb_buffer_disk_writes 0
2022-08-17T06:27:55 Innodb_buffer_disk_writes_conflicts 0
2022-08-17T06:27:55 Innodb_buffer_pool_bytes_data 0
2022-08-17T06:27:55 Innodb_buffer_pool_bytes_dirty 0
2022-08-17T06:27:55 Innodb_buffer_pool_dump_status 0
2022-08-17T06:27:55 Innodb_buffer_pool_load_status 0
2022-08-17T06:27:55 Innodb_buffer_pool_pages_data 0
2022-08-17T06:27:55 Innodb_buffer_pool_pages_dirty 0
2022-08-17T06:27:55 Innodb_buffer_pool_pages_flushed 40
2022-08-17T06:27:55 Innodb_buffer_pool_pages_free 0
2022-08-17T06:27:55 Innodb_buffer_pool_pages_misc 0
2022-08-17T06:27:55 Innodb_buffer_pool_pages_total 0
2022-08-17T06:27:55 Innodb_buffer_pool_reads 0
2022-08-17T06:27:55 Innodb_buffer_pool_read_ahead 0
2022-08-17T06:27:55 Innodb_buffer_pool_read_ahead_evicted 0
2022-08-17T06:27:55 Innodb_buffer_pool_read_ahead_rnd 0
2022-08-17T06:27:55 Innodb_buffer_pool_read_requests 60808
2022-08-17T06:27:55 Innodb_buffer_pool_resize_status 0
2022-08-17T06:27:55 Innodb_buffer_pool_wait_free 0
2022-08-17T06:27:55 Innodb_buffer_pool_write_requests 581
2022-08-17T06:27:55 Innodb_data_fsyncs 12
2022-08-17T06:27:55 Innodb_data_pending_fsyncs 0
2022-08-17T06:27:55 Innodb_data_pending_reads 0
2022-08-17T06:27:55 Innodb_data_pending_writes 0
2022-08-17T06:27:55 Innodb_data_read 0
2022-08-17T06:27:55 Innodb_data_reads 0
2022-08-17T06:27:55 Innodb_data_writes 49
2022-08-17T06:27:55 Innodb_data_written 689664
2022-08-17T06:27:55 Innodb_dblwr_pages_written 0
2022-08-17T06:27:55 Innodb_dblwr_writes 0
2022-08-17T06:27:55 Innodb_hash_search 0
2022-08-17T06:27:55 Innodb_log_waits 0
2022-08-17T06:27:55 Innodb_log_writes 6
2022-08-17T06:27:55 Innodb_log_write_requests 44
2022-08-17T06:27:55 Innodb_nonhash_search 244
2022-08-17T06:27:55 Innodb_num_open_files 0
2022-08-17T06:27:55 Innodb_os_log_fsyncs 9
2022-08-17T06:27:55 Innodb_os_log_pending_fsyncs 0
2022-08-17T06:27:55 Innodb_os_log_pending_writes 0
2022-08-17T06:27:55 Innodb_os_log_written 32768
2022-08-17T06:27:55 Innodb_pages_created 0
2022-08-17T06:27:55 Innodb_pages_read 0
2022-08-17T06:27:55 Innodb_pages_written 40
2022-08-17T06:27:55 Innodb_page_size 0
2022-08-17T06:27:55 Innodb_rows_deleted 0
2022-08-17T06:27:55 Innodb_rows_inserted 22
2022-08-17T06:27:55 Innodb_rows_read 60290
2022-08-17T06:27:55 Innodb_rows_updated 244
2022-08-17T06:27:55 Innodb_row_lock_current_waits 0
2022-08-17T06:27:55 Innodb_row_lock_time 0
2022-08-17T06:27:55 Innodb_row_lock_time_avg 0
2022-08-17T06:27:55 Innodb_row_lock_time_max 0
2022-08-17T06:27:55 Innodb_row_lock_waits 0
2022-08-17T06:27:55 Innodb_truncated_status_writes 0
2022-08-17T06:27:55 Key_blocks_not_flushed 0
2022-08-17T06:27:55 Key_blocks_unused 0
2022-08-17T06:27:55 Key_blocks_used 0
2022-08-17T06:27:55 Key_reads 0
2022-08-17T06:27:55 Key_read_requests 0
2022-08-17T06:27:55 Key_writes 0
2022-08-17T06:27:55 Key_write_requests 0
2022-08-17T06:27:55 Locked_connects 0
2022-08-17T06:27:55 Max_execution_time_exceeded 0
2022-08-17T06:27:55 Max_execution_time_set 0
2022-08-17T06:27:55 Max_execution_time_set_failed 0
2022-08-17T06:27:55 Max_used_connections 0
2022-08-17T06:27:55 Max_used_connections_time 0
2022-08-17T06:27:55 Not_flushed_delayed_rows 0
2022-08-17T06:27:55 Ongoing_anonymous_transaction_count 0
2022-08-17T06:27:55 Opened_files 0
2022-08-17T06:27:55 Opened_tables 1
2022-08-17T06:27:55 Opened_table_definitions 0
2022-08-17T06:27:55 Open_files 0
2022-08-17T06:27:55 Open_streams 0
2022-08-17T06:27:55 Open_tables 1
2022-08-17T06:27:55 Open_table_definitions 0
2022-08-17T06:27:55 Performance_schema_accounts_lost 0
2022-08-17T06:27:55 Performance_schema_az_digest_lost 0
2022-08-17T06:27:55 Performance_schema_cond_classes_lost 0
2022-08-17T06:27:55 Performance_schema_cond_instances_lost 0
2022-08-17T06:27:55 Performance_schema_digest_lost 0
2022-08-17T06:27:55 Performance_schema_file_classes_lost 0
2022-08-17T06:27:55 Performance_schema_file_handles_lost 0
2022-08-17T06:27:55 Performance_schema_file_instances_lost 0
2022-08-17T06:27:55 Performance_schema_hosts_lost 0
2022-08-17T06:27:55 Performance_schema_index_stat_lost 0
2022-08-17T06:27:55 Performance_schema_locker_lost 0
2022-08-17T06:27:55 Performance_schema_memory_classes_lost 0
2022-08-17T06:27:55 Performance_schema_metadata_lock_lost 0
2022-08-17T06:27:55 Performance_schema_mutex_classes_lost 0
2022-08-17T06:27:55 Performance_schema_mutex_instances_lost 0
2022-08-17T06:27:55 Performance_schema_nested_statement_lost 0
2022-08-17T06:27:55 Performance_schema_prepared_statements_lost 0
2022-08-17T06:27:55 Performance_schema_program_lost 0
2022-08-17T06:27:55 Performance_schema_rwlock_classes_lost 0
2022-08-17T06:27:55 Performance_schema_rwlock_instances_lost 0
2022-08-17T06:27:55 Performance_schema_session_connect_attrs_lost 0
2022-08-17T06:27:55 Performance_schema_socket_classes_lost 0
2022-08-17T06:27:55 Performance_schema_socket_instances_lost 0
2022-08-17T06:27:55 Performance_schema_stage_classes_lost 0
2022-08-17T06:27:55 Performance_schema_statement_classes_lost 0
2022-08-17T06:27:55 Performance_schema_table_handles_lost 0
2022-08-17T06:27:55 Performance_schema_table_instances_lost 0
2022-08-17T06:27:55 Performance_schema_table_lock_stat_lost 0
2022-08-17T06:27:55 Performance_schema_thread_classes_lost 0
2022-08-17T06:27:55 Performance_schema_thread_instances_lost 0
2022-08-17T06:27:55 Performance_schema_users_lost 0
2022-08-17T06:27:55 Prepared_stmt_count 0
2022-08-17T06:27:55 Qcache_free_blocks 0
2022-08-17T06:27:55 Qcache_free_memory 0
2022-08-17T06:27:55 Qcache_hits 0
2022-08-17T06:27:55 Qcache_inserts 0
2022-08-17T06:27:55 Qcache_lowmem_prunes 0
2022-08-17T06:27:55 Qcache_not_cached 0
2022-08-17T06:27:55 Qcache_queries_in_cache 0
2022-08-17T06:27:55 Qcache_total_blocks 0
2022-08-17T06:27:55 Queries 41
2022-08-17T06:27:55 Questions 41
2022-08-17T06:27:55 Rsa_public_key 0
2022-08-17T06:27:55 Select_full_join 1
2022-08-17T06:27:55 Select_full_range_join 0
2022-08-17T06:27:55 Select_range 0
2022-08-17T06:27:55 Select_range_check 0
2022-08-17T06:27:55 Select_scan 33
2022-08-17T06:27:55 Slave_open_temp_tables 0
2022-08-17T06:27:55 Slow_launch_threads 0
2022-08-17T06:27:55 Slow_queries 0
2022-08-17T06:27:55 Sort_merge_passes 0
2022-08-17T06:27:55 Sort_range 0
2022-08-17T06:27:55 Sort_rows 0
2022-08-17T06:27:55 Sort_scan 0
2022-08-17T06:27:55 Ssl_accepts 0
2022-08-17T06:27:55 Ssl_accept_renegotiates 0
2022-08-17T06:27:55 Ssl_callback_cache_hits 0
2022-08-17T06:27:55 Ssl_cipher 0
2022-08-17T06:27:55 Ssl_cipher_list 0
2022-08-17T06:27:55 Ssl_client_connects 0
2022-08-17T06:27:55 Ssl_connect_renegotiates 0
2022-08-17T06:27:55 Ssl_ctx_verify_depth 0
2022-08-17T06:27:55 Ssl_ctx_verify_mode 0
2022-08-17T06:27:55 Ssl_default_timeout 0
2022-08-17T06:27:55 Ssl_finished_accepts 0
2022-08-17T06:27:55 Ssl_finished_connects 0
2022-08-17T06:27:55 Ssl_server_not_after 0
2022-08-17T06:27:55 Ssl_server_not_before 0
2022-08-17T06:27:55 Ssl_sessions_reused 0
2022-08-17T06:27:55 Ssl_session_cache_hits 0
2022-08-17T06:27:55 Ssl_session_cache_misses 0
2022-08-17T06:27:55 Ssl_session_cache_mode 0
2022-08-17T06:27:55 Ssl_session_cache_overflows 0
2022-08-17T06:27:55 Ssl_session_cache_size 0
2022-08-17T06:27:55 Ssl_session_cache_timeouts 0
2022-08-17T06:27:55 Ssl_used_session_cache_entries 0
2022-08-17T06:27:55 Ssl_verify_depth 0
2022-08-17T06:27:55 Ssl_verify_mode 0
2022-08-17T06:27:55 Ssl_version 0
2022-08-17T06:27:55 Table_locks_immediate 14
2022-08-17T06:27:55 Table_locks_waited 0
2022-08-17T06:27:55 Table_open_cache_hits 17
2022-08-17T06:27:55 Table_open_cache_misses 1
2022-08-17T06:27:55 Table_open_cache_overflows 0
2022-08-17T06:27:55 Tc_log_max_pages_used 0
2022-08-17T06:27:55 Tc_log_page_size 0
2022-08-17T06:27:55 Tc_log_page_waits 0
2022-08-17T06:27:55 Threads_cached 0
2022-08-17T06:27:55 Threads_connected 0
2022-08-17T06:27:55 Threads_created 0
2022-08-17T06:27:55 Threads_running 0
2022-08-17T06:27:55 Uptime 60
2022-08-17T06:27:55 Uptime_since_flush_status 60
